<?xml version="1.0" encoding="UTF-8"?>
<testsuite xmlns:xsi="http://www.w3.org/2001/XMLSchema-instance" xsi:noNamespaceSchemaLocation="https://maven.apache.org/surefire/maven-surefire-plugin/xsd/surefire-test-report.xsd" name="com.cloud.gateway.GatewayApplicationTests" time="7.268" tests="1" errors="0" skipped="0" failures="0">
  <properties>
    <property name="sun.desktop" value="windows"/>
    <property name="awt.toolkit" value="sun.awt.windows.WToolkit"/>
    <property name="file.encoding.pkg" value="sun.io"/>
    <property name="java.specification.version" value="1.8"/>
    <property name="sun.cpu.isalist" value="amd64"/>
    <property name="sun.jnu.encoding" value="GBK"/>
    <property name="java.class.path" value="E:\wechat\im-gateway\target\test-classes;E:\wechat\im-gateway\target\classes;D:\mavenRepository\org\springframework\boot\spring-boot-starter-webflux\2.7.0\spring-boot-starter-webflux-2.7.0.jar;D:\mavenRepository\org\springframework\boot\spring-boot-starter\2.7.0\spring-boot-starter-2.7.0.jar;D:\mavenRepository\org\springframework\boot\spring-boot\2.7.0\spring-boot-2.7.0.jar;D:\mavenRepository\org\springframework\spring-context\5.3.20\spring-context-5.3.20.jar;D:\mavenRepository\org\springframework\spring-aop\5.3.20\spring-aop-5.3.20.jar;D:\mavenRepository\org\springframework\spring-expression\5.3.20\spring-expression-5.3.20.jar;D:\mavenRepository\org\springframework\boot\spring-boot-autoconfigure\2.7.0\spring-boot-autoconfigure-2.7.0.jar;D:\mavenRepository\org\springframework\boot\spring-boot-starter-logging\2.7.0\spring-boot-starter-logging-2.7.0.jar;D:\mavenRepository\ch\qos\logback\logback-classic\1.2.11\logback-classic-1.2.11.jar;D:\mavenRepository\ch\qos\logback\logback-core\1.2.11\logback-core-1.2.11.jar;D:\mavenRepository\org\apache\logging\log4j\log4j-to-slf4j\2.17.2\log4j-to-slf4j-2.17.2.jar;D:\mavenRepository\org\apache\logging\log4j\log4j-api\2.17.2\log4j-api-2.17.2.jar;D:\mavenRepository\org\slf4j\jul-to-slf4j\1.7.36\jul-to-slf4j-1.7.36.jar;D:\mavenRepository\jakarta\annotation\jakarta.annotation-api\1.3.5\jakarta.annotation-api-1.3.5.jar;D:\mavenRepository\org\yaml\snakeyaml\1.30\snakeyaml-1.30.jar;D:\mavenRepository\org\springframework\boot\spring-boot-starter-json\2.7.0\spring-boot-starter-json-2.7.0.jar;D:\mavenRepository\com\fasterxml\jackson\core\jackson-databind\2.13.3\jackson-databind-2.13.3.jar;D:\mavenRepository\com\fasterxml\jackson\core\jackson-annotations\2.13.3\jackson-annotations-2.13.3.jar;D:\mavenRepository\com\fasterxml\jackson\datatype\jackson-datatype-jdk8\2.13.3\jackson-datatype-jdk8-2.13.3.jar;D:\mavenRepository\com\fasterxml\jackson\datatype\jackson-datatype-jsr310\2.13.3\jackson-datatype-jsr310-2.13.3.jar;D:\mavenRepository\com\fasterxml\jackson\module\jackson-module-parameter-names\2.13.3\jackson-module-parameter-names-2.13.3.jar;D:\mavenRepository\org\springframework\boot\spring-boot-starter-reactor-netty\2.7.0\spring-boot-starter-reactor-netty-2.7.0.jar;D:\mavenRepository\io\projectreactor\netty\reactor-netty-http\1.0.19\reactor-netty-http-1.0.19.jar;D:\mavenRepository\io\netty\netty-codec-http\4.1.77.Final\netty-codec-http-4.1.77.Final.jar;D:\mavenRepository\io\netty\netty-codec-http2\4.1.77.Final\netty-codec-http2-4.1.77.Final.jar;D:\mavenRepository\io\netty\netty-resolver-dns\4.1.77.Final\netty-resolver-dns-4.1.77.Final.jar;D:\mavenRepository\io\netty\netty-codec-dns\4.1.77.Final\netty-codec-dns-4.1.77.Final.jar;D:\mavenRepository\io\netty\netty-resolver-dns-native-macos\4.1.77.Final\netty-resolver-dns-native-macos-4.1.77.Final-osx-x86_64.jar;D:\mavenRepository\io\netty\netty-resolver-dns-classes-macos\4.1.77.Final\netty-resolver-dns-classes-macos-4.1.77.Final.jar;D:\mavenRepository\io\netty\netty-transport-native-epoll\4.1.77.Final\netty-transport-native-epoll-4.1.77.Final-linux-x86_64.jar;D:\mavenRepository\io\projectreactor\netty\reactor-netty-core\1.0.19\reactor-netty-core-1.0.19.jar;D:\mavenRepository\io\netty\netty-handler-proxy\4.1.77.Final\netty-handler-proxy-4.1.77.Final.jar;D:\mavenRepository\io\netty\netty-codec-socks\4.1.77.Final\netty-codec-socks-4.1.77.Final.jar;D:\mavenRepository\org\springframework\spring-web\5.3.20\spring-web-5.3.20.jar;D:\mavenRepository\org\springframework\spring-beans\5.3.20\spring-beans-5.3.20.jar;D:\mavenRepository\org\springframework\spring-webflux\5.3.20\spring-webflux-5.3.20.jar;D:\mavenRepository\org\springframework\boot\spring-boot-starter-test\2.7.0\spring-boot-starter-test-2.7.0.jar;D:\mavenRepository\org\springframework\boot\spring-boot-test\2.7.0\spring-boot-test-2.7.0.jar;D:\mavenRepository\org\springframework\boot\spring-boot-test-autoconfigure\2.7.0\spring-boot-test-autoconfigure-2.7.0.jar;D:\mavenRepository\com\jayway\jsonpath\json-path\2.7.0\json-path-2.7.0.jar;D:\mavenRepository\net\minidev\json-smart\2.4.8\json-smart-2.4.8.jar;D:\mavenRepository\net\minidev\accessors-smart\2.4.8\accessors-smart-2.4.8.jar;D:\mavenRepository\org\ow2\asm\asm\9.1\asm-9.1.jar;D:\mavenRepository\jakarta\xml\bind\jakarta.xml.bind-api\2.3.3\jakarta.xml.bind-api-2.3.3.jar;D:\mavenRepository\jakarta\activation\jakarta.activation-api\1.2.2\jakarta.activation-api-1.2.2.jar;D:\mavenRepository\org\assertj\assertj-core\3.22.0\assertj-core-3.22.0.jar;D:\mavenRepository\org\hamcrest\hamcrest\2.2\hamcrest-2.2.jar;D:\mavenRepository\org\junit\jupiter\junit-jupiter\5.8.2\junit-jupiter-5.8.2.jar;D:\mavenRepository\org\junit\jupiter\junit-jupiter-api\5.8.2\junit-jupiter-api-5.8.2.jar;D:\mavenRepository\org\opentest4j\opentest4j\1.2.0\opentest4j-1.2.0.jar;D:\mavenRepository\org\junit\platform\junit-platform-commons\1.8.2\junit-platform-commons-1.8.2.jar;D:\mavenRepository\org\apiguardian\apiguardian-api\1.1.2\apiguardian-api-1.1.2.jar;D:\mavenRepository\org\junit\jupiter\junit-jupiter-params\5.8.2\junit-jupiter-params-5.8.2.jar;D:\mavenRepository\org\junit\jupiter\junit-jupiter-engine\5.8.2\junit-jupiter-engine-5.8.2.jar;D:\mavenRepository\org\junit\platform\junit-platform-engine\1.8.2\junit-platform-engine-1.8.2.jar;D:\mavenRepository\org\mockito\mockito-core\4.5.1\mockito-core-4.5.1.jar;D:\mavenRepository\net\bytebuddy\byte-buddy\1.12.10\byte-buddy-1.12.10.jar;D:\mavenRepository\net\bytebuddy\byte-buddy-agent\1.12.10\byte-buddy-agent-1.12.10.jar;D:\mavenRepository\org\objenesis\objenesis\3.2\objenesis-3.2.jar;D:\mavenRepository\org\mockito\mockito-junit-jupiter\4.5.1\mockito-junit-jupiter-4.5.1.jar;D:\mavenRepository\org\skyscreamer\jsonassert\1.5.0\jsonassert-1.5.0.jar;D:\mavenRepository\com\vaadin\external\google\android-json\0.0.20131108.vaadin1\android-json-0.0.20131108.vaadin1.jar;D:\mavenRepository\org\springframework\spring-core\5.3.20\spring-core-5.3.20.jar;D:\mavenRepository\org\springframework\spring-jcl\5.3.20\spring-jcl-5.3.20.jar;D:\mavenRepository\org\springframework\spring-test\5.3.20\spring-test-5.3.20.jar;D:\mavenRepository\org\xmlunit\xmlunit-core\2.9.0\xmlunit-core-2.9.0.jar;D:\mavenRepository\io\projectreactor\reactor-test\3.4.18\reactor-test-3.4.18.jar;D:\mavenRepository\io\projectreactor\reactor-core\3.4.18\reactor-core-3.4.18.jar;D:\mavenRepository\org\reactivestreams\reactive-streams\1.0.3\reactive-streams-1.0.3.jar;D:\mavenRepository\com\alibaba\cloud\spring-cloud-starter-alibaba-nacos-discovery\2021.0.1.0\spring-cloud-starter-alibaba-nacos-discovery-2021.0.1.0.jar;D:\mavenRepository\com\alibaba\cloud\spring-cloud-alibaba-commons\2021.0.1.0\spring-cloud-alibaba-commons-2021.0.1.0.jar;D:\mavenRepository\com\alibaba\nacos\nacos-client\1.4.2\nacos-client-1.4.2.jar;D:\mavenRepository\com\alibaba\nacos\nacos-common\1.4.2\nacos-common-1.4.2.jar;D:\mavenRepository\commons-io\commons-io\2.7\commons-io-2.7.jar;D:\mavenRepository\org\apache\httpcomponents\httpasyncclient\4.1.5\httpasyncclient-4.1.5.jar;D:\mavenRepository\org\apache\httpcomponents\httpcore\4.4.15\httpcore-4.4.15.jar;D:\mavenRepository\org\apache\httpcomponents\httpcore-nio\4.4.15\httpcore-nio-4.4.15.jar;D:\mavenRepository\org\apache\httpcomponents\httpclient\4.5.13\httpclient-4.5.13.jar;D:\mavenRepository\com\alibaba\nacos\nacos-api\1.4.2\nacos-api-1.4.2.jar;D:\mavenRepository\com\google\guava\guava\30.1-jre\guava-30.1-jre.jar;D:\mavenRepository\com\google\guava\failureaccess\1.0.1\failureaccess-1.0.1.jar;D:\mavenRepository\com\google\guava\listenablefuture\9999.0-empty-to-avoid-conflict-with-guava\listenablefuture-9999.0-empty-to-avoid-conflict-with-guava.jar;D:\mavenRepository\com\google\code\findbugs\jsr305\3.0.2\jsr305-3.0.2.jar;D:\mavenRepository\org\checkerframework\checker-qual\3.5.0\checker-qual-3.5.0.jar;D:\mavenRepository\com\google\errorprone\error_prone_annotations\2.3.4\error_prone_annotations-2.3.4.jar;D:\mavenRepository\com\google\j2objc\j2objc-annotations\1.3\j2objc-annotations-1.3.jar;D:\mavenRepository\commons-codec\commons-codec\1.15\commons-codec-1.15.jar;D:\mavenRepository\com\fasterxml\jackson\core\jackson-core\2.13.3\jackson-core-2.13.3.jar;D:\mavenRepository\io\prometheus\simpleclient\0.15.0\simpleclient-0.15.0.jar;D:\mavenRepository\io\prometheus\simpleclient_tracer_otel\0.15.0\simpleclient_tracer_otel-0.15.0.jar;D:\mavenRepository\io\prometheus\simpleclient_tracer_common\0.15.0\simpleclient_tracer_common-0.15.0.jar;D:\mavenRepository\io\prometheus\simpleclient_tracer_otel_agent\0.15.0\simpleclient_tracer_otel_agent-0.15.0.jar;D:\mavenRepository\com\alibaba\spring\spring-context-support\1.0.11\spring-context-support-1.0.11.jar;D:\mavenRepository\org\springframework\cloud\spring-cloud-commons\3.1.1\spring-cloud-commons-3.1.1.jar;D:\mavenRepository\org\springframework\security\spring-security-crypto\5.7.1\spring-security-crypto-5.7.1.jar;D:\mavenRepository\org\springframework\cloud\spring-cloud-context\3.1.1\spring-cloud-context-3.1.1.jar;D:\mavenRepository\com\alibaba\cloud\spring-cloud-starter-alibaba-nacos-config\2021.0.1.0\spring-cloud-starter-alibaba-nacos-config-2021.0.1.0.jar;D:\mavenRepository\org\springframework\cloud\spring-cloud-starter-gateway\3.1.2\spring-cloud-starter-gateway-3.1.2.jar;D:\mavenRepository\org\springframework\cloud\spring-cloud-starter\3.1.2\spring-cloud-starter-3.1.2.jar;D:\mavenRepository\org\springframework\security\spring-security-rsa\1.0.10.RELEASE\spring-security-rsa-1.0.10.RELEASE.jar;D:\mavenRepository\org\bouncycastle\bcpkix-jdk15on\1.68\bcpkix-jdk15on-1.68.jar;D:\mavenRepository\org\bouncycastle\bcprov-jdk15on\1.68\bcprov-jdk15on-1.68.jar;D:\mavenRepository\org\springframework\cloud\spring-cloud-gateway-server\3.1.2\spring-cloud-gateway-server-3.1.2.jar;D:\mavenRepository\org\springframework\boot\spring-boot-starter-validation\2.7.0\spring-boot-starter-validation-2.7.0.jar;D:\mavenRepository\org\apache\tomcat\embed\tomcat-embed-el\9.0.63\tomcat-embed-el-9.0.63.jar;D:\mavenRepository\org\hibernate\validator\hibernate-validator\6.2.3.Final\hibernate-validator-6.2.3.Final.jar;D:\mavenRepository\jakarta\validation\jakarta.validation-api\2.0.2\jakarta.validation-api-2.0.2.jar;D:\mavenRepository\org\jboss\logging\jboss-logging\3.4.3.Final\jboss-logging-3.4.3.Final.jar;D:\mavenRepository\com\fasterxml\classmate\1.5.1\classmate-1.5.1.jar;D:\mavenRepository\io\projectreactor\addons\reactor-extra\3.4.8\reactor-extra-3.4.8.jar;D:\mavenRepository\org\springframework\cloud\spring-cloud-starter-loadbalancer\3.1.2\spring-cloud-starter-loadbalancer-3.1.2.jar;D:\mavenRepository\org\springframework\cloud\spring-cloud-loadbalancer\3.1.2\spring-cloud-loadbalancer-3.1.2.jar;D:\mavenRepository\org\springframework\boot\spring-boot-starter-cache\2.7.0\spring-boot-starter-cache-2.7.0.jar;D:\mavenRepository\org\springframework\spring-context-support\5.3.20\spring-context-support-5.3.20.jar;D:\mavenRepository\com\stoyanr\evictor\1.0.0\evictor-1.0.0.jar;D:\mavenRepository\org\projectlombok\lombok\1.18.24\lombok-1.18.24.jar;D:\mavenRepository\org\apache\zookeeper\zookeeper\3.5.7\zookeeper-3.5.7.jar;D:\mavenRepository\org\apache\zookeeper\zookeeper-jute\3.5.7\zookeeper-jute-3.5.7.jar;D:\mavenRepository\org\apache\yetus\audience-annotations\0.5.0\audience-annotations-0.5.0.jar;D:\mavenRepository\io\netty\netty-handler\4.1.77.Final\netty-handler-4.1.77.Final.jar;D:\mavenRepository\io\netty\netty-common\4.1.77.Final\netty-common-4.1.77.Final.jar;D:\mavenRepository\io\netty\netty-resolver\4.1.77.Final\netty-resolver-4.1.77.Final.jar;D:\mavenRepository\io\netty\netty-buffer\4.1.77.Final\netty-buffer-4.1.77.Final.jar;D:\mavenRepository\io\netty\netty-transport\4.1.77.Final\netty-transport-4.1.77.Final.jar;D:\mavenRepository\io\netty\netty-codec\4.1.77.Final\netty-codec-4.1.77.Final.jar;D:\mavenRepository\io\netty\netty-transport-native-epoll\4.1.77.Final\netty-transport-native-epoll-4.1.77.Final.jar;D:\mavenRepository\io\netty\netty-transport-native-unix-common\4.1.77.Final\netty-transport-native-unix-common-4.1.77.Final.jar;D:\mavenRepository\io\netty\netty-transport-classes-epoll\4.1.77.Final\netty-transport-classes-epoll-4.1.77.Final.jar;D:\mavenRepository\org\slf4j\slf4j-api\1.7.36\slf4j-api-1.7.36.jar;D:\mavenRepository\org\slf4j\slf4j-reload4j\1.7.36\slf4j-reload4j-1.7.36.jar;D:\mavenRepository\log4j\log4j\1.2.17\log4j-1.2.17.jar;"/>
    <property name="java.vm.vendor" value="Oracle Corporation"/>
    <property name="sun.arch.data.model" value="64"/>
    <property name="user.variant" value=""/>
    <property name="java.vendor.url" value="http://java.oracle.com/"/>
    <property name="user.timezone" value="Asia/Shanghai"/>
    <property name="java.vm.specification.version" value="1.8"/>
    <property name="os.name" value="Windows 10"/>
    <property name="user.country" value="CN"/>
    <property name="sun.java.launcher" value="SUN_STANDARD"/>
    <property name="sun.boot.library.path" value="C:\Program Files\Java\jdk1.8.0_91\jre\bin"/>
    <property name="sun.java.command" value="C:\Users\wsh\AppData\Local\Temp\surefire3169021012847064617\surefirebooter5062933817470677292.jar C:\Users\wsh\AppData\Local\Temp\surefire3169021012847064617 2022-06-14T10-03-16_710-jvmRun1 surefire3249210470160369469tmp surefire_06894002549527783260tmp"/>
    <property name="surefire.test.class.path" value="E:\wechat\im-gateway\target\test-classes;E:\wechat\im-gateway\target\classes;D:\mavenRepository\org\springframework\boot\spring-boot-starter-webflux\2.7.0\spring-boot-starter-webflux-2.7.0.jar;D:\mavenRepository\org\springframework\boot\spring-boot-starter\2.7.0\spring-boot-starter-2.7.0.jar;D:\mavenRepository\org\springframework\boot\spring-boot\2.7.0\spring-boot-2.7.0.jar;D:\mavenRepository\org\springframework\spring-context\5.3.20\spring-context-5.3.20.jar;D:\mavenRepository\org\springframework\spring-aop\5.3.20\spring-aop-5.3.20.jar;D:\mavenRepository\org\springframework\spring-expression\5.3.20\spring-expression-5.3.20.jar;D:\mavenRepository\org\springframework\boot\spring-boot-autoconfigure\2.7.0\spring-boot-autoconfigure-2.7.0.jar;D:\mavenRepository\org\springframework\boot\spring-boot-starter-logging\2.7.0\spring-boot-starter-logging-2.7.0.jar;D:\mavenRepository\ch\qos\logback\logback-classic\1.2.11\logback-classic-1.2.11.jar;D:\mavenRepository\ch\qos\logback\logback-core\1.2.11\logback-core-1.2.11.jar;D:\mavenRepository\org\apache\logging\log4j\log4j-to-slf4j\2.17.2\log4j-to-slf4j-2.17.2.jar;D:\mavenRepository\org\apache\logging\log4j\log4j-api\2.17.2\log4j-api-2.17.2.jar;D:\mavenRepository\org\slf4j\jul-to-slf4j\1.7.36\jul-to-slf4j-1.7.36.jar;D:\mavenRepository\jakarta\annotation\jakarta.annotation-api\1.3.5\jakarta.annotation-api-1.3.5.jar;D:\mavenRepository\org\yaml\snakeyaml\1.30\snakeyaml-1.30.jar;D:\mavenRepository\org\springframework\boot\spring-boot-starter-json\2.7.0\spring-boot-starter-json-2.7.0.jar;D:\mavenRepository\com\fasterxml\jackson\core\jackson-databind\2.13.3\jackson-databind-2.13.3.jar;D:\mavenRepository\com\fasterxml\jackson\core\jackson-annotations\2.13.3\jackson-annotations-2.13.3.jar;D:\mavenRepository\com\fasterxml\jackson\datatype\jackson-datatype-jdk8\2.13.3\jackson-datatype-jdk8-2.13.3.jar;D:\mavenRepository\com\fasterxml\jackson\datatype\jackson-datatype-jsr310\2.13.3\jackson-datatype-jsr310-2.13.3.jar;D:\mavenRepository\com\fasterxml\jackson\module\jackson-module-parameter-names\2.13.3\jackson-module-parameter-names-2.13.3.jar;D:\mavenRepository\org\springframework\boot\spring-boot-starter-reactor-netty\2.7.0\spring-boot-starter-reactor-netty-2.7.0.jar;D:\mavenRepository\io\projectreactor\netty\reactor-netty-http\1.0.19\reactor-netty-http-1.0.19.jar;D:\mavenRepository\io\netty\netty-codec-http\4.1.77.Final\netty-codec-http-4.1.77.Final.jar;D:\mavenRepository\io\netty\netty-codec-http2\4.1.77.Final\netty-codec-http2-4.1.77.Final.jar;D:\mavenRepository\io\netty\netty-resolver-dns\4.1.77.Final\netty-resolver-dns-4.1.77.Final.jar;D:\mavenRepository\io\netty\netty-codec-dns\4.1.77.Final\netty-codec-dns-4.1.77.Final.jar;D:\mavenRepository\io\netty\netty-resolver-dns-native-macos\4.1.77.Final\netty-resolver-dns-native-macos-4.1.77.Final-osx-x86_64.jar;D:\mavenRepository\io\netty\netty-resolver-dns-classes-macos\4.1.77.Final\netty-resolver-dns-classes-macos-4.1.77.Final.jar;D:\mavenRepository\io\netty\netty-transport-native-epoll\4.1.77.Final\netty-transport-native-epoll-4.1.77.Final-linux-x86_64.jar;D:\mavenRepository\io\projectreactor\netty\reactor-netty-core\1.0.19\reactor-netty-core-1.0.19.jar;D:\mavenRepository\io\netty\netty-handler-proxy\4.1.77.Final\netty-handler-proxy-4.1.77.Final.jar;D:\mavenRepository\io\netty\netty-codec-socks\4.1.77.Final\netty-codec-socks-4.1.77.Final.jar;D:\mavenRepository\org\springframework\spring-web\5.3.20\spring-web-5.3.20.jar;D:\mavenRepository\org\springframework\spring-beans\5.3.20\spring-beans-5.3.20.jar;D:\mavenRepository\org\springframework\spring-webflux\5.3.20\spring-webflux-5.3.20.jar;D:\mavenRepository\org\springframework\boot\spring-boot-starter-test\2.7.0\spring-boot-starter-test-2.7.0.jar;D:\mavenRepository\org\springframework\boot\spring-boot-test\2.7.0\spring-boot-test-2.7.0.jar;D:\mavenRepository\org\springframework\boot\spring-boot-test-autoconfigure\2.7.0\spring-boot-test-autoconfigure-2.7.0.jar;D:\mavenRepository\com\jayway\jsonpath\json-path\2.7.0\json-path-2.7.0.jar;D:\mavenRepository\net\minidev\json-smart\2.4.8\json-smart-2.4.8.jar;D:\mavenRepository\net\minidev\accessors-smart\2.4.8\accessors-smart-2.4.8.jar;D:\mavenRepository\org\ow2\asm\asm\9.1\asm-9.1.jar;D:\mavenRepository\jakarta\xml\bind\jakarta.xml.bind-api\2.3.3\jakarta.xml.bind-api-2.3.3.jar;D:\mavenRepository\jakarta\activation\jakarta.activation-api\1.2.2\jakarta.activation-api-1.2.2.jar;D:\mavenRepository\org\assertj\assertj-core\3.22.0\assertj-core-3.22.0.jar;D:\mavenRepository\org\hamcrest\hamcrest\2.2\hamcrest-2.2.jar;D:\mavenRepository\org\junit\jupiter\junit-jupiter\5.8.2\junit-jupiter-5.8.2.jar;D:\mavenRepository\org\junit\jupiter\junit-jupiter-api\5.8.2\junit-jupiter-api-5.8.2.jar;D:\mavenRepository\org\opentest4j\opentest4j\1.2.0\opentest4j-1.2.0.jar;D:\mavenRepository\org\junit\platform\junit-platform-commons\1.8.2\junit-platform-commons-1.8.2.jar;D:\mavenRepository\org\apiguardian\apiguardian-api\1.1.2\apiguardian-api-1.1.2.jar;D:\mavenRepository\org\junit\jupiter\junit-jupiter-params\5.8.2\junit-jupiter-params-5.8.2.jar;D:\mavenRepository\org\junit\jupiter\junit-jupiter-engine\5.8.2\junit-jupiter-engine-5.8.2.jar;D:\mavenRepository\org\junit\platform\junit-platform-engine\1.8.2\junit-platform-engine-1.8.2.jar;D:\mavenRepository\org\mockito\mockito-core\4.5.1\mockito-core-4.5.1.jar;D:\mavenRepository\net\bytebuddy\byte-buddy\1.12.10\byte-buddy-1.12.10.jar;D:\mavenRepository\net\bytebuddy\byte-buddy-agent\1.12.10\byte-buddy-agent-1.12.10.jar;D:\mavenRepository\org\objenesis\objenesis\3.2\objenesis-3.2.jar;D:\mavenRepository\org\mockito\mockito-junit-jupiter\4.5.1\mockito-junit-jupiter-4.5.1.jar;D:\mavenRepository\org\skyscreamer\jsonassert\1.5.0\jsonassert-1.5.0.jar;D:\mavenRepository\com\vaadin\external\google\android-json\0.0.20131108.vaadin1\android-json-0.0.20131108.vaadin1.jar;D:\mavenRepository\org\springframework\spring-core\5.3.20\spring-core-5.3.20.jar;D:\mavenRepository\org\springframework\spring-jcl\5.3.20\spring-jcl-5.3.20.jar;D:\mavenRepository\org\springframework\spring-test\5.3.20\spring-test-5.3.20.jar;D:\mavenRepository\org\xmlunit\xmlunit-core\2.9.0\xmlunit-core-2.9.0.jar;D:\mavenRepository\io\projectreactor\reactor-test\3.4.18\reactor-test-3.4.18.jar;D:\mavenRepository\io\projectreactor\reactor-core\3.4.18\reactor-core-3.4.18.jar;D:\mavenRepository\org\reactivestreams\reactive-streams\1.0.3\reactive-streams-1.0.3.jar;D:\mavenRepository\com\alibaba\cloud\spring-cloud-starter-alibaba-nacos-discovery\2021.0.1.0\spring-cloud-starter-alibaba-nacos-discovery-2021.0.1.0.jar;D:\mavenRepository\com\alibaba\cloud\spring-cloud-alibaba-commons\2021.0.1.0\spring-cloud-alibaba-commons-2021.0.1.0.jar;D:\mavenRepository\com\alibaba\nacos\nacos-client\1.4.2\nacos-client-1.4.2.jar;D:\mavenRepository\com\alibaba\nacos\nacos-common\1.4.2\nacos-common-1.4.2.jar;D:\mavenRepository\commons-io\commons-io\2.7\commons-io-2.7.jar;D:\mavenRepository\org\apache\httpcomponents\httpasyncclient\4.1.5\httpasyncclient-4.1.5.jar;D:\mavenRepository\org\apache\httpcomponents\httpcore\4.4.15\httpcore-4.4.15.jar;D:\mavenRepository\org\apache\httpcomponents\httpcore-nio\4.4.15\httpcore-nio-4.4.15.jar;D:\mavenRepository\org\apache\httpcomponents\httpclient\4.5.13\httpclient-4.5.13.jar;D:\mavenRepository\com\alibaba\nacos\nacos-api\1.4.2\nacos-api-1.4.2.jar;D:\mavenRepository\com\google\guava\guava\30.1-jre\guava-30.1-jre.jar;D:\mavenRepository\com\google\guava\failureaccess\1.0.1\failureaccess-1.0.1.jar;D:\mavenRepository\com\google\guava\listenablefuture\9999.0-empty-to-avoid-conflict-with-guava\listenablefuture-9999.0-empty-to-avoid-conflict-with-guava.jar;D:\mavenRepository\com\google\code\findbugs\jsr305\3.0.2\jsr305-3.0.2.jar;D:\mavenRepository\org\checkerframework\checker-qual\3.5.0\checker-qual-3.5.0.jar;D:\mavenRepository\com\google\errorprone\error_prone_annotations\2.3.4\error_prone_annotations-2.3.4.jar;D:\mavenRepository\com\google\j2objc\j2objc-annotations\1.3\j2objc-annotations-1.3.jar;D:\mavenRepository\commons-codec\commons-codec\1.15\commons-codec-1.15.jar;D:\mavenRepository\com\fasterxml\jackson\core\jackson-core\2.13.3\jackson-core-2.13.3.jar;D:\mavenRepository\io\prometheus\simpleclient\0.15.0\simpleclient-0.15.0.jar;D:\mavenRepository\io\prometheus\simpleclient_tracer_otel\0.15.0\simpleclient_tracer_otel-0.15.0.jar;D:\mavenRepository\io\prometheus\simpleclient_tracer_common\0.15.0\simpleclient_tracer_common-0.15.0.jar;D:\mavenRepository\io\prometheus\simpleclient_tracer_otel_agent\0.15.0\simpleclient_tracer_otel_agent-0.15.0.jar;D:\mavenRepository\com\alibaba\spring\spring-context-support\1.0.11\spring-context-support-1.0.11.jar;D:\mavenRepository\org\springframework\cloud\spring-cloud-commons\3.1.1\spring-cloud-commons-3.1.1.jar;D:\mavenRepository\org\springframework\security\spring-security-crypto\5.7.1\spring-security-crypto-5.7.1.jar;D:\mavenRepository\org\springframework\cloud\spring-cloud-context\3.1.1\spring-cloud-context-3.1.1.jar;D:\mavenRepository\com\alibaba\cloud\spring-cloud-starter-alibaba-nacos-config\2021.0.1.0\spring-cloud-starter-alibaba-nacos-config-2021.0.1.0.jar;D:\mavenRepository\org\springframework\cloud\spring-cloud-starter-gateway\3.1.2\spring-cloud-starter-gateway-3.1.2.jar;D:\mavenRepository\org\springframework\cloud\spring-cloud-starter\3.1.2\spring-cloud-starter-3.1.2.jar;D:\mavenRepository\org\springframework\security\spring-security-rsa\1.0.10.RELEASE\spring-security-rsa-1.0.10.RELEASE.jar;D:\mavenRepository\org\bouncycastle\bcpkix-jdk15on\1.68\bcpkix-jdk15on-1.68.jar;D:\mavenRepository\org\bouncycastle\bcprov-jdk15on\1.68\bcprov-jdk15on-1.68.jar;D:\mavenRepository\org\springframework\cloud\spring-cloud-gateway-server\3.1.2\spring-cloud-gateway-server-3.1.2.jar;D:\mavenRepository\org\springframework\boot\spring-boot-starter-validation\2.7.0\spring-boot-starter-validation-2.7.0.jar;D:\mavenRepository\org\apache\tomcat\embed\tomcat-embed-el\9.0.63\tomcat-embed-el-9.0.63.jar;D:\mavenRepository\org\hibernate\validator\hibernate-validator\6.2.3.Final\hibernate-validator-6.2.3.Final.jar;D:\mavenRepository\jakarta\validation\jakarta.validation-api\2.0.2\jakarta.validation-api-2.0.2.jar;D:\mavenRepository\org\jboss\logging\jboss-logging\3.4.3.Final\jboss-logging-3.4.3.Final.jar;D:\mavenRepository\com\fasterxml\classmate\1.5.1\classmate-1.5.1.jar;D:\mavenRepository\io\projectreactor\addons\reactor-extra\3.4.8\reactor-extra-3.4.8.jar;D:\mavenRepository\org\springframework\cloud\spring-cloud-starter-loadbalancer\3.1.2\spring-cloud-starter-loadbalancer-3.1.2.jar;D:\mavenRepository\org\springframework\cloud\spring-cloud-loadbalancer\3.1.2\spring-cloud-loadbalancer-3.1.2.jar;D:\mavenRepository\org\springframework\boot\spring-boot-starter-cache\2.7.0\spring-boot-starter-cache-2.7.0.jar;D:\mavenRepository\org\springframework\spring-context-support\5.3.20\spring-context-support-5.3.20.jar;D:\mavenRepository\com\stoyanr\evictor\1.0.0\evictor-1.0.0.jar;D:\mavenRepository\org\projectlombok\lombok\1.18.24\lombok-1.18.24.jar;D:\mavenRepository\org\apache\zookeeper\zookeeper\3.5.7\zookeeper-3.5.7.jar;D:\mavenRepository\org\apache\zookeeper\zookeeper-jute\3.5.7\zookeeper-jute-3.5.7.jar;D:\mavenRepository\org\apache\yetus\audience-annotations\0.5.0\audience-annotations-0.5.0.jar;D:\mavenRepository\io\netty\netty-handler\4.1.77.Final\netty-handler-4.1.77.Final.jar;D:\mavenRepository\io\netty\netty-common\4.1.77.Final\netty-common-4.1.77.Final.jar;D:\mavenRepository\io\netty\netty-resolver\4.1.77.Final\netty-resolver-4.1.77.Final.jar;D:\mavenRepository\io\netty\netty-buffer\4.1.77.Final\netty-buffer-4.1.77.Final.jar;D:\mavenRepository\io\netty\netty-transport\4.1.77.Final\netty-transport-4.1.77.Final.jar;D:\mavenRepository\io\netty\netty-codec\4.1.77.Final\netty-codec-4.1.77.Final.jar;D:\mavenRepository\io\netty\netty-transport-native-epoll\4.1.77.Final\netty-transport-native-epoll-4.1.77.Final.jar;D:\mavenRepository\io\netty\netty-transport-native-unix-common\4.1.77.Final\netty-transport-native-unix-common-4.1.77.Final.jar;D:\mavenRepository\io\netty\netty-transport-classes-epoll\4.1.77.Final\netty-transport-classes-epoll-4.1.77.Final.jar;D:\mavenRepository\org\slf4j\slf4j-api\1.7.36\slf4j-api-1.7.36.jar;D:\mavenRepository\org\slf4j\slf4j-reload4j\1.7.36\slf4j-reload4j-1.7.36.jar;D:\mavenRepository\log4j\log4j\1.2.17\log4j-1.2.17.jar;"/>
    <property name="sun.cpu.endian" value="little"/>
    <property name="user.home" value="C:\Users\wsh"/>
    <property name="user.language" value="zh"/>
    <property name="java.specification.vendor" value="Oracle Corporation"/>
    <property name="java.home" value="C:\Program Files\Java\jdk1.8.0_91\jre"/>
    <property name="basedir" value="E:\wechat\im-gateway"/>
    <property name="file.separator" value="\"/>
    <property name="line.separator" value="&#10;"/>
    <property name="java.vm.specification.vendor" value="Oracle Corporation"/>
    <property name="java.specification.name" value="Java Platform API Specification"/>
    <property name="java.awt.graphicsenv" value="sun.awt.Win32GraphicsEnvironment"/>
    <property name="surefire.real.class.path" value="C:\Users\wsh\AppData\Local\Temp\surefire3169021012847064617\surefirebooter5062933817470677292.jar"/>
    <property name="sun.boot.class.path" value="C:\Program Files\Java\jdk1.8.0_91\jre\lib\resources.jar;C:\Program Files\Java\jdk1.8.0_91\jre\lib\rt.jar;C:\Program Files\Java\jdk1.8.0_91\jre\lib\sunrsasign.jar;C:\Program Files\Java\jdk1.8.0_91\jre\lib\jsse.jar;C:\Program Files\Java\jdk1.8.0_91\jre\lib\jce.jar;C:\Program Files\Java\jdk1.8.0_91\jre\lib\charsets.jar;C:\Program Files\Java\jdk1.8.0_91\jre\lib\jfr.jar;C:\Program Files\Java\jdk1.8.0_91\jre\classes"/>
    <property name="user.script" value=""/>
    <property name="sun.management.compiler" value="HotSpot 64-Bit Tiered Compilers"/>
    <property name="java.runtime.version" value="1.8.0_91-b15"/>
    <property name="user.name" value="wsh"/>
    <property name="path.separator" value=";"/>
    <property name="os.version" value="10.0"/>
    <property name="java.endorsed.dirs" value="C:\Program Files\Java\jdk1.8.0_91\jre\lib\endorsed"/>
    <property name="java.runtime.name" value="Java(TM) SE Runtime Environment"/>
    <property name="file.encoding" value="GBK"/>
    <property name="java.vm.name" value="Java HotSpot(TM) 64-Bit Server VM"/>
    <property name="localRepository" value="D:\mavenRepository"/>
    <property name="java.vendor.url.bug" value="http://bugreport.sun.com/bugreport/"/>
    <property name="java.io.tmpdir" value="C:\Users\wsh\AppData\Local\Temp\"/>
    <property name="idea.version" value="2022.1"/>
    <property name="java.version" value="1.8.0_91"/>
    <property name="user.dir" value="E:\wechat\im-gateway"/>
    <property name="os.arch" value="amd64"/>
    <property name="java.vm.specification.name" value="Java Virtual Machine Specification"/>
    <property name="java.awt.printerjob" value="sun.awt.windows.WPrinterJob"/>
    <property name="sun.os.patch.level" value=""/>
    <property name="java.library.path" value="C:\Program Files\Java\jdk1.8.0_91\jre\bin;C:\Windows\Sun\Java\bin;C:\Windows\system32;C:\Windows;D:\developTools\RabbitMQ-server\rabbitmq_server-3.9.16\sbin;C:\ProgramData\Oracle\Java\javapath;C:\Windows\system32;C:\Windows;C:\Windows\System32\Wbem;C:\Windows\System32\WindowsPowerShell\v1.0\;D:\developTools\erlang\erl-23.2.7\bin;C:\Windows\System32\OpenSSH\;C:\Program Files\Java\jdk1.8.0_91\bin;D:\developTools\putty\;C:\Program Files\TortoiseSVN\bin;C:\Program Files\Git\cmd;C:\Users\wsh\AppData\Local\Microsoft\WindowsApps;;c:\program files\esafenet\cobra docguard client;."/>
    <property name="java.vm.info" value="mixed mode"/>
    <property name="java.vendor" value="Oracle Corporation"/>
    <property name="java.vm.version" value="25.91-b15"/>
    <property name="java.ext.dirs" value="C:\Program Files\Java\jdk1.8.0_91\jre\lib\ext;C:\Windows\Sun\Java\lib\ext"/>
    <property name="sun.io.unicode.encoding" value="UnicodeLittle"/>
    <property name="maven.repo.local" value="D:\mavenRepository"/>
    <property name="java.class.version" value="52.0"/>
  </properties>
  <testcase name="contextLoads" classname="com.cloud.gateway.GatewayApplicationTests" time="0.403"/>
</testsuite>